[0.033s] Invoking command in '/home/otavio/scicobot_rasp/build/test_cooperation_scicobot': CMAKE_PREFIX_PATH=/opt/ros/foxy /usr/bin/cmake /home/otavio/scicobot_rasp/src/test_cooperation_scicobot -DCMAKE_INSTALL_PREFIX=/home/otavio/scicobot_rasp/install/test_cooperation_scicobot
[0.046s] -- Found ament_cmake: 0.9.9 (/opt/ros/foxy/share/ament_cmake/cmake)
[0.073s] -- Using PYTHON_EXECUTABLE: /usr/bin/python3
[0.256s] -- Found rclcpp: 2.4.0 (/opt/ros/foxy/share/rclcpp/cmake)
[0.290s] -- Using all available rosidl_typesupport_c: rosidl_typesupport_fastrtps_c;rosidl_typesupport_introspection_c
[0.293s] -- Found rosidl_adapter: 1.2.1 (/opt/ros/foxy/share/rosidl_adapter/cmake)
[0.459s] -- Using all available rosidl_typesupport_cpp: rosidl_typesupport_fastrtps_cpp;rosidl_typesupport_introspection_cpp
[0.506s] -- Found rmw_implementation_cmake: 1.0.3 (/opt/ros/foxy/share/rmw_implementation_cmake/cmake)
[0.507s] -- Using RMW implementation 'rmw_fastrtps_cpp' as default
[0.658s] -- Found geometry_msgs: 2.0.4 (/opt/ros/foxy/share/geometry_msgs/cmake)
[0.764s] -- Configuring done
[0.770s] -- Generating done
[0.771s] -- Build files have been written to: /home/otavio/scicobot_rasp/build/test_cooperation_scicobot
[0.777s] Invoked command in '/home/otavio/scicobot_rasp/build/test_cooperation_scicobot' returned '0': CMAKE_PREFIX_PATH=/opt/ros/foxy /usr/bin/cmake /home/otavio/scicobot_rasp/src/test_cooperation_scicobot -DCMAKE_INSTALL_PREFIX=/home/otavio/scicobot_rasp/install/test_cooperation_scicobot
[0.779s] Invoking command in '/home/otavio/scicobot_rasp/build/test_cooperation_scicobot': CMAKE_PREFIX_PATH=/opt/ros/foxy /usr/bin/cmake --build /home/otavio/scicobot_rasp/build/test_cooperation_scicobot -- -j4 -l4
[0.814s] [35m[1mScanning dependencies of target cooperation[0m
[0.868s] [ 50%] [32mBuilding CXX object CMakeFiles/cooperation.dir/src/simple_test_cooperation.cpp.o[0m
[1.979s] [01m[K/home/otavio/scicobot_rasp/src/test_cooperation_scicobot/src/simple_test_cooperation.cpp:39:44:[m[K [01;31m[Kerror: [m[Kâ€˜[01m[KFloat32[m[Kâ€™ in namespace â€˜[01m[Kstd_msgs::msg[m[Kâ€™ does not name a type
[1.979s]    39 |   void topic_callback(const std_msgs::msg::[01;31m[KFloat32[m[K::SharedPtr msg) const
[1.979s]       |                                            [01;31m[K^~~~~~~[m[K
[1.979s] [01m[K/home/otavio/scicobot_rasp/src/test_cooperation_scicobot/src/simple_test_cooperation.cpp:39:63:[m[K [01;31m[Kerror: [m[Kexpected unqualified-id before â€˜[01m[Kmsg[m[Kâ€™
[1.979s]    39 |   void topic_callback(const std_msgs::msg::Float32::SharedPtr [01;31m[Kmsg[m[K) const
[1.979s]       |                                                               [01;31m[K^~~[m[K
[1.979s] [01m[K/home/otavio/scicobot_rasp/src/test_cooperation_scicobot/src/simple_test_cooperation.cpp:39:62:[m[K [01;31m[Kerror: [m[Kexpected â€˜[01m[K)[m[Kâ€™ before â€˜[01m[Kmsg[m[Kâ€™
[1.979s]    39 |   void topic_callback[34m[K([m[Kconst std_msgs::msg::Float32::SharedPtr[01;31m[K [m[K[32m[Kmsg[m[K) const
[1.979s]       |                      [34m[K~[m[K                                       [01;31m[K^[m[K[32m[K~~~[m[K
[1.980s]       |                                                              [32m[K)[m[K
[1.980s] [01m[K/home/otavio/scicobot_rasp/src/test_cooperation_scicobot/src/simple_test_cooperation.cpp:39:53:[m[K [01;31m[Kerror: [m[Kexpected â€˜[01m[K;[m[Kâ€™ at end of member declaration
[1.980s]    39 |   void topic_callback(const std_msgs::msg::Float32::[01;31m[KSharedPtr[m[K msg) const
[1.980s]       |                                                     [01;31m[K^~~~~~~~~[m[K
[1.980s]       |                                                              [32m[K;[m[K
[1.980s] [01m[K/home/otavio/scicobot_rasp/src/test_cooperation_scicobot/src/simple_test_cooperation.cpp:39:63:[m[K [01;31m[Kerror: [m[Kâ€˜[01m[Kmsg[m[Kâ€™ does not name a type
[1.980s]    39 |   void topic_callback(const std_msgs::msg::Float32::SharedPtr [01;31m[Kmsg[m[K) const
[1.980s]       |                                                               [01;31m[K^~~[m[K
[1.997s] [01m[K/home/otavio/scicobot_rasp/src/test_cooperation_scicobot/src/simple_test_cooperation.cpp:[m[K In constructor â€˜[01m[KMinimalNode::MinimalNode()[m[Kâ€™:
[1.998s] [01m[K/home/otavio/scicobot_rasp/src/test_cooperation_scicobot/src/simple_test_cooperation.cpp:30:60:[m[K [01;31m[Kerror: [m[Kâ€˜[01m[KTwist[m[Kâ€™ is not a member of â€˜[01m[Kstd_msgs::msg[m[Kâ€™; did you mean â€˜[01m[Kgeometry_msgs::msg::Twist[m[Kâ€™?
[1.998s]    30 |     publisher_move = this->create_publisher<std_msgs::msg::[01;31m[KTwist[m[K>("rasp_cmd_vel", 10);
[1.998s]       |                                                            [01;31m[K^~~~~[m[K
[1.998s] In file included from [01m[K/opt/ros/foxy/include/geometry_msgs/msg/twist.hpp:7[m[K,
[1.998s]                  from [01m[K/home/otavio/scicobot_rasp/src/test_cooperation_scicobot/src/simple_test_cooperation.cpp:19[m[K:
[1.998s] [01m[K/opt/ros/foxy/include/geometry_msgs/msg/detail/twist__struct.hpp:133:7:[m[K [01;36m[Knote: [m[Kâ€˜[01m[Kgeometry_msgs::msg::Twist[m[Kâ€™ declared here
[1.998s]   133 | using [01;36m[KTwist[m[K =
[1.998s]       |       [01;36m[K^~~~~[m[K
[1.998s] [01m[K/home/otavio/scicobot_rasp/src/test_cooperation_scicobot/src/simple_test_cooperation.cpp:30:60:[m[K [01;31m[Kerror: [m[Kâ€˜[01m[KTwist[m[Kâ€™ is not a member of â€˜[01m[Kstd_msgs::msg[m[Kâ€™; did you mean â€˜[01m[Kgeometry_msgs::msg::Twist[m[Kâ€™?
[1.998s]    30 |     publisher_move = this->create_publisher<std_msgs::msg::[01;31m[KTwist[m[K>("rasp_cmd_vel", 10);
[1.998s]       |                                                            [01;31m[K^~~~~[m[K
[1.998s] In file included from [01m[K/opt/ros/foxy/include/geometry_msgs/msg/twist.hpp:7[m[K,
[1.998s]                  from [01m[K/home/otavio/scicobot_rasp/src/test_cooperation_scicobot/src/simple_test_cooperation.cpp:19[m[K:
[1.998s] [01m[K/opt/ros/foxy/include/geometry_msgs/msg/detail/twist__struct.hpp:133:7:[m[K [01;36m[Knote: [m[Kâ€˜[01m[Kgeometry_msgs::msg::Twist[m[Kâ€™ declared here
[1.999s]   133 | using [01;36m[KTwist[m[K =
[1.999s]       |       [01;36m[K^~~~~[m[K
[1.999s] [01m[K/home/otavio/scicobot_rasp/src/test_cooperation_scicobot/src/simple_test_cooperation.cpp:30:85:[m[K [01;31m[Kerror: [m[Kno matching function for call to â€˜[01m[KMinimalNode::create_publisher<<expression error> >(const char [13], int)[m[Kâ€™
[1.999s]    30 |     publisher_move = this->create_publisher<std_msgs::msg::Twist>("rasp_cmd_vel", 10[01;31m[K)[m[K;
[1.999s]       |                                                                                     [01;31m[K^[m[K
[1.999s] In file included from [01m[K/opt/ros/foxy/include/rclcpp/executors/single_threaded_executor.hpp:28[m[K,
[1.999s]                  from [01m[K/opt/ros/foxy/include/rclcpp/executors.hpp:22[m[K,
[1.999s]                  from [01m[K/opt/ros/foxy/include/rclcpp/rclcpp.hpp:146[m[K,
[1.999s]                  from [01m[K/home/otavio/scicobot_rasp/src/test_cooperation_scicobot/src/simple_test_cooperation.cpp:17[m[K:
[1.999s] [01m[K/opt/ros/foxy/include/rclcpp/node.hpp:184:3:[m[K [01;36m[Knote: [m[Kcandidate: â€˜[01m[Ktemplate<class MessageT, class AllocatorT, class PublisherT> std::shared_ptr<PublisherT> rclcpp::Node::create_publisher(const string&, const rclcpp::QoS&, const rclcpp::PublisherOptionsWithAllocator<AllocatorT>&)[m[Kâ€™
[1.999s]   184 |   [01;36m[Kcreate_publisher[m[K(
[1.999s]       |   [01;36m[K^~~~~~~~~~~~~~~~[m[K
[1.999s] [01m[K/opt/ros/foxy/include/rclcpp/node.hpp:184:3:[m[K [01;36m[Knote: [m[K  template argument deduction/substitution failed:
[1.999s] [01m[K/home/otavio/scicobot_rasp/src/test_cooperation_scicobot/src/simple_test_cooperation.cpp:30:85:[m[K [01;31m[Kerror: [m[Ktemplate argument 1 is invalid
[1.999s]    30 |     publisher_move = this->create_publisher<std_msgs::msg::Twist>("rasp_cmd_vel", 10[01;31m[K)[m[K;
[1.999s]       |                                                                                     [01;31m[K^[m[K
[2.000s] [01m[K/home/otavio/scicobot_rasp/src/test_cooperation_scicobot/src/simple_test_cooperation.cpp:31:5:[m[K [01;31m[Kerror: [m[Kâ€˜[01m[Ktimer_[m[Kâ€™ was not declared in this scope; did you mean â€˜[01m[Ktimer_t[m[Kâ€™?
[2.000s]    31 |     [01;31m[Ktimer_[m[K = this->create_wall_timer(
[2.000s]       |     [01;31m[K^~~~~~[m[K
[2.000s]       |     [32m[Ktimer_t[m[K
[2.000s] [01m[K/home/otavio/scicobot_rasp/src/test_cooperation_scicobot/src/simple_test_cooperation.cpp:32:7:[m[K [01;31m[Kerror: [m[Kunable to find numeric literal operator â€˜[01m[Koperator""ms[m[Kâ€™
[2.000s]    32 |       [01;31m[K150ms[m[K, std::bind(&MinimalNode::timer_callback, this));
[2.000s]       |       [01;31m[K^~~~~[m[K
[2.000s] [01m[K/home/otavio/scicobot_rasp/src/test_cooperation_scicobot/src/simple_test_cooperation.cpp:32:38:[m[K [01;31m[Kerror: [m[Kâ€˜[01m[Ktimer_callback[m[Kâ€™ is not a member of â€˜[01m[KMinimalNode[m[Kâ€™
[2.000s]    32 |       150ms, std::bind(&MinimalNode::[01;31m[Ktimer_callback[m[K, this));
[2.000s]       |                                      [01;31m[K^~~~~~~~~~~~~~[m[K
[2.006s] In file included from [01m[K/opt/ros/foxy/include/rclcpp/client.hpp:32[m[K,
[2.006s]                  from [01m[K/opt/ros/foxy/include/rclcpp/callback_group.hpp:23[m[K,
[2.006s]                  from [01m[K/opt/ros/foxy/include/rclcpp/any_executable.hpp:20[m[K,
[2.006s]                  from [01m[K/opt/ros/foxy/include/rclcpp/memory_strategy.hpp:24[m[K,
[2.007s]                  from [01m[K/opt/ros/foxy/include/rclcpp/memory_strategies.hpp:18[m[K,
[2.007s]                  from [01m[K/opt/ros/foxy/include/rclcpp/executor_options.hpp:20[m[K,
[2.007s]                  from [01m[K/opt/ros/foxy/include/rclcpp/executor.hpp:33[m[K,
[2.007s]                  from [01m[K/opt/ros/foxy/include/rclcpp/executors/multi_threaded_executor.hpp:26[m[K,
[2.007s]                  from [01m[K/opt/ros/foxy/include/rclcpp/executors.hpp:21[m[K,
[2.007s]                  from [01m[K/opt/ros/foxy/include/rclcpp/rclcpp.hpp:146[m[K,
[2.007s]                  from [01m[K/home/otavio/scicobot_rasp/src/test_cooperation_scicobot/src/simple_test_cooperation.cpp:17[m[K:
[2.007s] /opt/ros/foxy/include/rclcpp/function_traits.hpp: In instantiation of â€˜[01m[Kstruct rclcpp::function_traits::function_traits<std::_Bind<void (MinimalNode::*(MinimalNode*, std::_Placeholder<1>))(...)> >[m[Kâ€™:
[2.007s] [01m[K/opt/ros/foxy/include/rclcpp/subscription_traits.hpp:97:8:[m[K   required from â€˜[01m[Kstruct rclcpp::subscription_traits::has_message_type<std::_Bind<void (MinimalNode::*(MinimalNode*, std::_Placeholder<1>))(...)>, std::allocator<void>, void, void, void, void>[m[Kâ€™
[2.007s] [01m[K/opt/ros/foxy/include/rclcpp/node.hpp:204:5:[m[K   required by substitution of â€˜[01m[Ktemplate<class MessageT, class CallbackT, class AllocatorT, class CallbackMessageT, class SubscriptionT, class MessageMemoryStrategyT> std::shared_ptr<SubscriptionT> rclcpp::Node::create_subscription(const string&, const rclcpp::QoS&, CallbackT&&, const rclcpp::SubscriptionOptionsWithAllocator<AllocatorT>&, typename MessageMemoryStrategyT::SharedPtr) [with MessageT = std_msgs::msg::Bool_<std::allocator<void> >; CallbackT = std::_Bind<void (MinimalNode::*(MinimalNode*, std::_Placeholder<1>))(...)>; AllocatorT = std::allocator<void>; CallbackMessageT = <missing>; SubscriptionT = <missing>; MessageMemoryStrategyT = <missing>][m[Kâ€™
[2.007s] [01m[K/home/otavio/scicobot_rasp/src/test_cooperation_scicobot/src/simple_test_cooperation.cpp:35:71:[m[K   required from here
[2.007s] [01m[K/opt/ros/foxy/include/rclcpp/function_traits.hpp:51:9:[m[K [01;31m[Kerror: [m[Kdecltype cannot resolve address of overloaded function
[2.008s]    51 |   using [01;31m[Karguments[m[K = typename tuple_tail<
[2.008s]       |         [01;31m[K^~~~~~~~~[m[K
[2.008s] [01m[K/opt/ros/foxy/include/rclcpp/function_traits.hpp:57:9:[m[K [01;31m[Kerror: [m[Kdecltype cannot resolve address of overloaded function
[2.008s]    57 |   using [01;31m[Kargument_type[m[K = typename std::tuple_element<N, arguments>::type;
[2.008s]       |         [01;31m[K^~~~~~~~~~~~~[m[K
[2.008s] [01m[K/opt/ros/foxy/include/rclcpp/function_traits.hpp:59:9:[m[K [01;31m[Kerror: [m[Kdecltype cannot resolve address of overloaded function
[2.008s]    59 |   using [01;31m[Kreturn_type[m[K = typename function_traits<decltype( &FunctionT::operator())>::return_type;
[2.008s]       |         [01;31m[K^~~~~~~~~~~[m[K
[2.008s] [01m[K/home/otavio/scicobot_rasp/src/test_cooperation_scicobot/src/simple_test_cooperation.cpp:35:71:[m[K [01;31m[Kerror: [m[Kno matching function for call to â€˜[01m[KMinimalNode::create_subscription<std_msgs::msg::Bool>(const char [8], int, std::_Bind_helper<false, void (MinimalNode::*)(...), MinimalNode*, const std::_Placeholder<1>&>::type)[m[Kâ€™
[2.008s]    35 |       "cmd_vel", 10, std::bind(&MinimalNode::topic_callback, this, _1)[01;31m[K)[m[K;
[2.008s]       |                                                                       [01;31m[K^[m[K
[2.008s] In file included from [01m[K/opt/ros/foxy/include/rclcpp/executors/single_threaded_executor.hpp:28[m[K,
[2.008s]                  from [01m[K/opt/ros/foxy/include/rclcpp/executors.hpp:22[m[K,
[2.009s]                  from [01m[K/opt/ros/foxy/include/rclcpp/rclcpp.hpp:146[m[K,
[2.009s]                  from [01m[K/home/otavio/scicobot_rasp/src/test_cooperation_scicobot/src/simple_test_cooperation.cpp:17[m[K:
[2.009s] [01m[K/opt/ros/foxy/include/rclcpp/node.hpp:213:3:[m[K [01;36m[Knote: [m[Kcandidate: â€˜[01m[Ktemplate<class MessageT, class CallbackT, class AllocatorT, class CallbackMessageT, class SubscriptionT, class MessageMemoryStrategyT> std::shared_ptr<SubscriptionT> rclcpp::Node::create_subscription(const string&, const rclcpp::QoS&, CallbackT&&, const rclcpp::SubscriptionOptionsWithAllocator<AllocatorT>&, typename MessageMemoryStrategyT::SharedPtr)[m[Kâ€™
[2.009s]   213 |   [01;36m[Kcreate_subscription[m[K(
[2.009s]       |   [01;36m[K^~~~~~~~~~~~~~~~~~~[m[K
[2.009s] [01m[K/opt/ros/foxy/include/rclcpp/node.hpp:213:3:[m[K [01;36m[Knote: [m[K  substitution of deduced template arguments resulted in errors seen above
[2.010s] [01m[K/home/otavio/scicobot_rasp/src/test_cooperation_scicobot/src/simple_test_cooperation.cpp:[m[K In function â€˜[01m[Kint main(int, char**)[m[Kâ€™:
[2.010s] [01m[K/home/otavio/scicobot_rasp/src/test_cooperation_scicobot/src/simple_test_cooperation.cpp:54:33:[m[K [01;31m[Kerror: [m[Kâ€˜[01m[KMinimalSubscriber[m[Kâ€™ was not declared in this scope
[2.010s]    54 |   rclcpp::spin(std::make_shared<[01;31m[KMinimalSubscriber[m[K>());
[2.010s]       |                                 [01;31m[K^~~~~~~~~~~~~~~~~[m[K
[2.010s] [01m[K/home/otavio/scicobot_rasp/src/test_cooperation_scicobot/src/simple_test_cooperation.cpp:54:52:[m[K [01;31m[Kerror: [m[Kno matching function for call to â€˜[01m[Kmake_shared<<expression error> >()[m[Kâ€™
[2.010s]    54 |   rclcpp::spin(std::make_shared<MinimalSubscriber>([01;31m[K)[m[K);
[2.010s]       |                                                    [01;31m[K^[m[K
[2.010s] In file included from [01m[K/usr/include/c++/9/memory:81[m[K,
[2.010s]                  from [01m[K/home/otavio/scicobot_rasp/src/test_cooperation_scicobot/src/simple_test_cooperation.cpp:15[m[K:
[2.010s] [01m[K/usr/include/c++/9/bits/shared_ptr.h:714:5:[m[K [01;36m[Knote: [m[Kcandidate: â€˜[01m[Ktemplate<class _Tp, class ... _Args> std::shared_ptr<_Tp> std::make_shared(_Args&& ...)[m[Kâ€™
[2.011s]   714 |     [01;36m[Kmake_shared[m[K(_Args&&... __args)
[2.011s]       |     [01;36m[K^~~~~~~~~~~[m[K
[2.011s] [01m[K/usr/include/c++/9/bits/shared_ptr.h:714:5:[m[K [01;36m[Knote: [m[K  template argument deduction/substitution failed:
[2.011s] [01m[K/home/otavio/scicobot_rasp/src/test_cooperation_scicobot/src/simple_test_cooperation.cpp:54:52:[m[K [01;31m[Kerror: [m[Ktemplate argument 1 is invalid
[2.011s]    54 |   rclcpp::spin(std::make_shared<MinimalSubscriber>([01;31m[K)[m[K);
[2.011s]       |                                                    [01;31m[K^[m[K
[2.326s] make[2]: *** [CMakeFiles/cooperation.dir/build.make:63: CMakeFiles/cooperation.dir/src/simple_test_cooperation.cpp.o] Erro 1
[2.327s] make[1]: *** [CMakeFiles/Makefile2:78: CMakeFiles/cooperation.dir/all] Erro 2
[2.327s] make: *** [Makefile:141: all] Erro 2
[2.328s] Invoked command in '/home/otavio/scicobot_rasp/build/test_cooperation_scicobot' returned '2': CMAKE_PREFIX_PATH=/opt/ros/foxy /usr/bin/cmake --build /home/otavio/scicobot_rasp/build/test_cooperation_scicobot -- -j4 -l4
