[01m[K/home/otavio/scicobot_rasp/src/test_cooperation_scicobot/src/simple_test_cooperation.cpp:[m[K In member function â€˜[01m[Kvoid MinimalNode::topic_callback(geometry_msgs::msg::Twist_<std::allocator<void> >::SharedPtr) const[m[Kâ€™:
[01m[K/home/otavio/scicobot_rasp/src/test_cooperation_scicobot/src/simple_test_cooperation.cpp:40:14:[m[K [01;31m[Kerror: [m[Kâ€˜[01m[Kstruct geometry_msgs::msg::Twist_<std::allocator<void> >[m[Kâ€™ has no member named â€˜[01m[Kdata[m[Kâ€™
   40 |      message.[01;31m[Kdata[m[K = msg->data
      |              [01;31m[K^~~~[m[K
[01m[K/home/otavio/scicobot_rasp/src/test_cooperation_scicobot/src/simple_test_cooperation.cpp:40:26:[m[K [01;31m[Kerror: [m[Kâ€˜[01m[Kusing element_type = struct geometry_msgs::msg::Twist_<std::allocator<void> >[m[Kâ€™ {aka â€˜[01m[Kstruct geometry_msgs::msg::Twist_<std::allocator<void> >[m[Kâ€™} has no member named â€˜[01m[Kdata[m[Kâ€™
   40 |      message.data = msg->[01;31m[Kdata[m[K
      |                          [01;31m[K^~~~[m[K
make[2]: *** [CMakeFiles/cooperation.dir/build.make:63: CMakeFiles/cooperation.dir/src/simple_test_cooperation.cpp.o] Erro 1
make[1]: *** [CMakeFiles/Makefile2:78: CMakeFiles/cooperation.dir/all] Erro 2
make: *** [Makefile:141: all] Erro 2
