[0.037s] Invoking command in '/home/otavio/scicobot_rasp/build/test_cooperation_rasp': CMAKE_PREFIX_PATH=/opt/ros/foxy /usr/bin/cmake /home/otavio/scicobot_rasp/src/test_cooperation_rasp -DCMAKE_INSTALL_PREFIX=/home/otavio/scicobot_rasp/install/test_cooperation_rasp
[0.056s] -- Found ament_cmake: 0.9.9 (/opt/ros/foxy/share/ament_cmake/cmake)
[0.084s] -- Using PYTHON_EXECUTABLE: /usr/bin/python3
[0.306s] -- Found rclcpp: 2.4.0 (/opt/ros/foxy/share/rclcpp/cmake)
[0.339s] -- Using all available rosidl_typesupport_c: rosidl_typesupport_fastrtps_c;rosidl_typesupport_introspection_c
[0.342s] -- Found rosidl_adapter: 1.2.1 (/opt/ros/foxy/share/rosidl_adapter/cmake)
[0.454s] -- Using all available rosidl_typesupport_cpp: rosidl_typesupport_fastrtps_cpp;rosidl_typesupport_introspection_cpp
[0.500s] -- Found rmw_implementation_cmake: 1.0.3 (/opt/ros/foxy/share/rmw_implementation_cmake/cmake)
[0.501s] -- Using RMW implementation 'rmw_fastrtps_cpp' as default
[0.703s] -- Configuring done
[0.709s] -- Generating done
[0.710s] -- Build files have been written to: /home/otavio/scicobot_rasp/build/test_cooperation_rasp
[0.716s] Invoked command in '/home/otavio/scicobot_rasp/build/test_cooperation_rasp' returned '0': CMAKE_PREFIX_PATH=/opt/ros/foxy /usr/bin/cmake /home/otavio/scicobot_rasp/src/test_cooperation_rasp -DCMAKE_INSTALL_PREFIX=/home/otavio/scicobot_rasp/install/test_cooperation_rasp
[0.718s] Invoking command in '/home/otavio/scicobot_rasp/build/test_cooperation_rasp': CMAKE_PREFIX_PATH=/opt/ros/foxy /usr/bin/cmake --build /home/otavio/scicobot_rasp/build/test_cooperation_rasp -- -j4 -l4
[0.754s] [35m[1mScanning dependencies of target cooperation_rasp[0m
[0.799s] [ 50%] [32mBuilding CXX object CMakeFiles/cooperation_rasp.dir/src/test_cooperation_rasp.cpp.o[0m
[1.901s] [01m[K/home/otavio/scicobot_rasp/src/test_cooperation_rasp/src/test_cooperation_rasp.cpp:[m[K In function â€˜[01m[Kfloat tempMeasure()[m[Kâ€™:
[1.901s] [01m[K/home/otavio/scicobot_rasp/src/test_cooperation_rasp/src/test_cooperation_rasp.cpp:25:9:[m[K [01;35m[Kwarning: [m[Kvariable â€˜[01m[Kn[m[Kâ€™ set but not used [[01;35m[K-Wunused-but-set-variable[m[K]
[1.901s]    25 |     int [01;35m[Kn[m[K;
[1.902s]       |         [01;35m[K^[m[K
[1.923s] [01m[K/home/otavio/scicobot_rasp/src/test_cooperation_rasp/src/test_cooperation_rasp.cpp:[m[K In constructor â€˜[01m[KMinimalNode::MinimalNode()[m[Kâ€™:
[1.923s] [01m[K/home/otavio/scicobot_rasp/src/test_cooperation_rasp/src/test_cooperation_rasp.cpp:45:91:[m[K [01;31m[Kerror: [m[Kno match for â€˜[01m[Koperator=[m[Kâ€™ (operand types are â€˜[01m[Krclcpp::Publisher<std_msgs::msg::UInt8_<std::allocator<void> > >::SharedPtr[m[Kâ€™ {aka â€˜[01m[Kstd::shared_ptr<rclcpp::Publisher<std_msgs::msg::UInt8_<std::allocator<void> > > >[m[Kâ€™} and â€˜[01m[Kstd::shared_ptr<rclcpp::Publisher<std_msgs::msg::Float32_<std::allocator<void> >, std::allocator<void> > >[m[Kâ€™)
[1.923s]    45 |     publisher_temperature = this->create_publisher<std_msgs::msg::Float32>("rasp_temp", 10[01;31m[K)[m[K;
[1.923s]       |                                                                                           [01;31m[K^[m[K
[1.923s] In file included from [01m[K/usr/include/c++/9/memory:81[m[K,
[1.923s]                  from [01m[K/home/otavio/scicobot_rasp/src/test_cooperation_rasp/src/test_cooperation_rasp.cpp:15[m[K:
[1.923s] [01m[K/usr/include/c++/9/bits/shared_ptr.h:309:19:[m[K [01;36m[Knote: [m[Kcandidate: â€˜[01m[Kstd::shared_ptr<_Tp>& std::shared_ptr<_Tp>::operator=(const std::shared_ptr<_Tp>&) [with _Tp = rclcpp::Publisher<std_msgs::msg::UInt8_<std::allocator<void> > >][m[Kâ€™
[1.923s]   309 |       shared_ptr& [01;36m[Koperator[m[K=(const shared_ptr&) noexcept = default;
[1.923s]       |                   [01;36m[K^~~~~~~~[m[K
[1.923s] [01m[K/usr/include/c++/9/bits/shared_ptr.h:309:29:[m[K [01;36m[Knote: [m[K  no known conversion for argument 1 from â€˜[01m[Kstd::shared_ptr<rclcpp::Publisher<std_msgs::msg::Float32_<std::allocator<void> >, std::allocator<void> > >[m[Kâ€™ to â€˜[01m[Kconst std::shared_ptr<rclcpp::Publisher<std_msgs::msg::UInt8_<std::allocator<void> > > >&[m[Kâ€™
[1.923s]   309 |       shared_ptr& operator=([01;36m[Kconst shared_ptr&[m[K) noexcept = default;
[1.923s]       |                             [01;36m[K^~~~~~~~~~~~~~~~~[m[K
[1.924s] [01m[K/usr/include/c++/9/bits/shared_ptr.h:313:2:[m[K [01;36m[Knote: [m[Kcandidate: â€˜[01m[Ktemplate<class _Yp> std::shared_ptr<_Tp>::_Assignable<const std::shared_ptr<_Yp>&> std::shared_ptr<_Tp>::operator=(const std::shared_ptr<_Yp>&) [with _Yp = _Yp; _Tp = rclcpp::Publisher<std_msgs::msg::UInt8_<std::allocator<void> > >][m[Kâ€™
[1.924s]   313 |  [01;36m[Koperator[m[K=(const shared_ptr<_Yp>& __r) noexcept
[1.924s]       |  [01;36m[K^~~~~~~~[m[K
[1.924s] [01m[K/usr/include/c++/9/bits/shared_ptr.h:313:2:[m[K [01;36m[Knote: [m[K  template argument deduction/substitution failed:
[1.924s] /usr/include/c++/9/bits/shared_ptr.h: In substitution of â€˜[01m[Ktemplate<class _Tp> template<class _Arg> using _Assignable = typename std::enable_if<std::is_assignable<std::__shared_ptr<_Tp>&, _Arg>::value, std::shared_ptr<_Tp>&>::type [with _Arg = const std::shared_ptr<rclcpp::Publisher<std_msgs::msg::Float32_<std::allocator<void> >, std::allocator<void> > >&; _Tp = rclcpp::Publisher<std_msgs::msg::UInt8_<std::allocator<void> > >][m[Kâ€™:
[1.924s] [01m[K/usr/include/c++/9/bits/shared_ptr.h:313:2:[m[K   required by substitution of â€˜[01m[Ktemplate<class _Yp> std::shared_ptr<rclcpp::Publisher<std_msgs::msg::UInt8_<std::allocator<void> > > >::_Assignable<const std::shared_ptr<_Tp>&> std::shared_ptr<rclcpp::Publisher<std_msgs::msg::UInt8_<std::allocator<void> > > >::operator=<_Yp>(const std::shared_ptr<_Tp>&) [with _Yp = rclcpp::Publisher<std_msgs::msg::Float32_<std::allocator<void> >, std::allocator<void> >][m[Kâ€™
[1.924s] [01m[K/home/otavio/scicobot_rasp/src/test_cooperation_rasp/src/test_cooperation_rasp.cpp:45:91:[m[K   required from here
[1.924s] [01m[K/usr/include/c++/9/bits/shared_ptr.h:111:8:[m[K [01;31m[Kerror: [m[Kno type named â€˜[01m[Ktype[m[Kâ€™ in â€˜[01m[Kstruct std::enable_if<false, std::shared_ptr<rclcpp::Publisher<std_msgs::msg::UInt8_<std::allocator<void> > > >&>[m[Kâ€™
[1.924s]   111 |  using [01;31m[K_Assignable[m[K = typename enable_if<
[1.924s]       |        [01;31m[K^~~~~~~~~~~[m[K
[1.924s] [01m[K/usr/include/c++/9/bits/shared_ptr.h:324:2:[m[K [01;36m[Knote: [m[Kcandidate: â€˜[01m[Ktemplate<class _Yp> std::shared_ptr<_Tp>::_Assignable<std::auto_ptr<_Up> > std::shared_ptr<_Tp>::operator=(std::auto_ptr<_Up>&&) [with _Yp = _Yp; _Tp = rclcpp::Publisher<std_msgs::msg::UInt8_<std::allocator<void> > >][m[Kâ€™
[1.924s]   324 |  [01;36m[Koperator[m[K=(auto_ptr<_Yp>&& __r)
[1.924s]       |  [01;36m[K^~~~~~~~[m[K
[1.924s] [01m[K/usr/include/c++/9/bits/shared_ptr.h:324:2:[m[K [01;36m[Knote: [m[K  template argument deduction/substitution failed:
[1.924s] [01m[K/home/otavio/scicobot_rasp/src/test_cooperation_rasp/src/test_cooperation_rasp.cpp:45:91:[m[K [01;36m[Knote: [m[K  â€˜[01m[Kstd::shared_ptr<rclcpp::Publisher<std_msgs::msg::Float32_<std::allocator<void> >, std::allocator<void> > >[m[Kâ€™ is not derived from â€˜[01m[Kstd::auto_ptr<_Up>[m[Kâ€™
[1.924s]    45 |     publisher_temperature = this->create_publisher<std_msgs::msg::Float32>("rasp_temp", 10[01;36m[K)[m[K;
[1.924s]       |                                                                                           [01;36m[K^[m[K
[1.924s] In file included from [01m[K/usr/include/c++/9/memory:81[m[K,
[1.924s]                  from [01m[K/home/otavio/scicobot_rasp/src/test_cooperation_rasp/src/test_cooperation_rasp.cpp:15[m[K:
[1.925s] [01m[K/usr/include/c++/9/bits/shared_ptr.h:333:7:[m[K [01;36m[Knote: [m[Kcandidate: â€˜[01m[Kstd::shared_ptr<_Tp>& std::shared_ptr<_Tp>::operator=(std::shared_ptr<_Tp>&&) [with _Tp = rclcpp::Publisher<std_msgs::msg::UInt8_<std::allocator<void> > >][m[Kâ€™
[1.925s]   333 |       [01;36m[Koperator[m[K=(shared_ptr&& __r) noexcept
[1.925s]       |       [01;36m[K^~~~~~~~[m[K
[1.925s] [01m[K/usr/include/c++/9/bits/shared_ptr.h:333:30:[m[K [01;36m[Knote: [m[K  no known conversion for argument 1 from â€˜[01m[Kstd::shared_ptr<rclcpp::Publisher<std_msgs::msg::Float32_<std::allocator<void> >, std::allocator<void> > >[m[Kâ€™ to â€˜[01m[Kstd::shared_ptr<rclcpp::Publisher<std_msgs::msg::UInt8_<std::allocator<void> > > >&&[m[Kâ€™
[1.925s]   333 |       operator=([01;36m[Kshared_ptr&& __r[m[K) noexcept
[1.925s]       |                 [01;36m[K~~~~~~~~~~~~~^~~[m[K
[1.925s] [01m[K/usr/include/c++/9/bits/shared_ptr.h:341:2:[m[K [01;36m[Knote: [m[Kcandidate: â€˜[01m[Ktemplate<class _Yp> std::shared_ptr<_Tp>::_Assignable<std::shared_ptr<_Yp> > std::shared_ptr<_Tp>::operator=(std::shared_ptr<_Yp>&&) [with _Yp = _Yp; _Tp = rclcpp::Publisher<std_msgs::msg::UInt8_<std::allocator<void> > >][m[Kâ€™
[1.925s]   341 |  [01;36m[Koperator[m[K=(shared_ptr<_Yp>&& __r) noexcept
[1.925s]       |  [01;36m[K^~~~~~~~[m[K
[1.925s] [01m[K/usr/include/c++/9/bits/shared_ptr.h:341:2:[m[K [01;36m[Knote: [m[K  template argument deduction/substitution failed:
[1.925s] /usr/include/c++/9/bits/shared_ptr.h: In substitution of â€˜[01m[Ktemplate<class _Tp> template<class _Arg> using _Assignable = typename std::enable_if<std::is_assignable<std::__shared_ptr<_Tp>&, _Arg>::value, std::shared_ptr<_Tp>&>::type [with _Arg = std::shared_ptr<rclcpp::Publisher<std_msgs::msg::Float32_<std::allocator<void> >, std::allocator<void> > >; _Tp = rclcpp::Publisher<std_msgs::msg::UInt8_<std::allocator<void> > >][m[Kâ€™:
[1.925s] [01m[K/usr/include/c++/9/bits/shared_ptr.h:341:2:[m[K   required by substitution of â€˜[01m[Ktemplate<class _Yp> std::shared_ptr<rclcpp::Publisher<std_msgs::msg::UInt8_<std::allocator<void> > > >::_Assignable<std::shared_ptr<_Tp> > std::shared_ptr<rclcpp::Publisher<std_msgs::msg::UInt8_<std::allocator<void> > > >::operator=<_Yp>(std::shared_ptr<_Tp>&&) [with _Yp = rclcpp::Publisher<std_msgs::msg::Float32_<std::allocator<void> >, std::allocator<void> >][m[Kâ€™
[1.925s] [01m[K/home/otavio/scicobot_rasp/src/test_cooperation_rasp/src/test_cooperation_rasp.cpp:45:91:[m[K   required from here
[1.925s] [01m[K/usr/include/c++/9/bits/shared_ptr.h:111:8:[m[K [01;31m[Kerror: [m[Kno type named â€˜[01m[Ktype[m[Kâ€™ in â€˜[01m[Kstruct std::enable_if<false, std::shared_ptr<rclcpp::Publisher<std_msgs::msg::UInt8_<std::allocator<void> > > >&>[m[Kâ€™
[1.925s]   111 |  using [01;31m[K_Assignable[m[K = typename enable_if<
[1.925s]       |        [01;31m[K^~~~~~~~~~~[m[K
[1.925s] [01m[K/usr/include/c++/9/bits/shared_ptr.h:349:2:[m[K [01;36m[Knote: [m[Kcandidate: â€˜[01m[Ktemplate<class _Yp, class _Del> std::shared_ptr<_Tp>::_Assignable<std::unique_ptr<_Up, _Ep> > std::shared_ptr<_Tp>::operator=(std::unique_ptr<_Up, _Ep>&&) [with _Yp = _Yp; _Del = _Del; _Tp = rclcpp::Publisher<std_msgs::msg::UInt8_<std::allocator<void> > >][m[Kâ€™
[1.925s]   349 |  [01;36m[Koperator[m[K=(unique_ptr<_Yp, _Del>&& __r)
[1.926s]       |  [01;36m[K^~~~~~~~[m[K
[1.926s] [01m[K/usr/include/c++/9/bits/shared_ptr.h:349:2:[m[K [01;36m[Knote: [m[K  template argument deduction/substitution failed:
[1.926s] [01m[K/home/otavio/scicobot_rasp/src/test_cooperation_rasp/src/test_cooperation_rasp.cpp:45:91:[m[K [01;36m[Knote: [m[K  â€˜[01m[Kstd::shared_ptr<rclcpp::Publisher<std_msgs::msg::Float32_<std::allocator<void> >, std::allocator<void> > >[m[Kâ€™ is not derived from â€˜[01m[Kstd::unique_ptr<_Tp, _Dp>[m[Kâ€™
[1.926s]    45 |     publisher_temperature = this->create_publisher<std_msgs::msg::Float32>("rasp_temp", 10[01;36m[K)[m[K;
[1.926s]       |                                                                                           [01;36m[K^[m[K
[1.926s] [01m[K/home/otavio/scicobot_rasp/src/test_cooperation_rasp/src/test_cooperation_rasp.cpp:47:49:[m[K [01;31m[Kerror: [m[Kunable to find numeric literal operator â€˜[01m[Koperator""ms[m[Kâ€™
[1.926s]    47 |     timer_temperature = this->create_wall_timer([01;31m[K2000ms[m[K, std::bind(&MinimalPublisher::timer_callback_temperature, this));
[1.926s]       |                                                 [01;31m[K^~~~~~[m[K
[1.926s] [01m[K/home/otavio/scicobot_rasp/src/test_cooperation_rasp/src/test_cooperation_rasp.cpp:47:68:[m[K [01;31m[Kerror: [m[Kâ€˜[01m[KMinimalPublisher[m[Kâ€™ has not been declared
[1.926s]    47 |     timer_temperature = this->create_wall_timer(2000ms, std::bind(&[01;31m[KMinimalPublisher[m[K::timer_callback_temperature, this));
[1.926s]       |                                                                    [01;31m[K^~~~~~~~~~~~~~~~[m[K
[1.931s] [01m[K/home/otavio/scicobot_rasp/src/test_cooperation_rasp/src/test_cooperation_rasp.cpp:[m[K In member function â€˜[01m[Kvoid MinimalNode::timer_callback_temperature()[m[Kâ€™:
[1.931s] [01m[K/home/otavio/scicobot_rasp/src/test_cooperation_rasp/src/test_cooperation_rasp.cpp:58:35:[m[K [01;31m[Kerror: [m[Kexpected â€˜[01m[K;[m[Kâ€™ before â€˜[01m[Kdo[m[Kâ€™
[1.931s]    58 |       message.data = tempMeasure()
[1.931s]       |                                   [01;31m[K^[m[K
[1.931s]       |                                   [32m[K;[m[K
[1.934s] [01m[K/home/otavio/scicobot_rasp/src/test_cooperation_rasp/src/test_cooperation_rasp.cpp:60:7:[m[K [01;31m[Kerror: [m[Kâ€˜[01m[Kpublisher_[m[Kâ€™ was not declared in this scope; did you mean â€˜[01m[Krcl_publisher_t[m[Kâ€™?
[1.934s]    60 |       [01;31m[Kpublisher_[m[K->publish(message);
[1.934s]       |       [01;31m[K^~~~~~~~~~[m[K
[1.934s]       |       [32m[Krcl_publisher_t[m[K
[3.272s] make[2]: *** [CMakeFiles/cooperation_rasp.dir/build.make:63: CMakeFiles/cooperation_rasp.dir/src/test_cooperation_rasp.cpp.o] Erro 1
[3.272s] make[1]: *** [CMakeFiles/Makefile2:78: CMakeFiles/cooperation_rasp.dir/all] Erro 2
[3.272s] make: *** [Makefile:141: all] Erro 2
[3.274s] Invoked command in '/home/otavio/scicobot_rasp/build/test_cooperation_rasp' returned '2': CMAKE_PREFIX_PATH=/opt/ros/foxy /usr/bin/cmake --build /home/otavio/scicobot_rasp/build/test_cooperation_rasp -- -j4 -l4
