-- Found ament_cmake: 0.9.9 (/opt/ros/foxy/share/ament_cmake/cmake)
-- Using PYTHON_EXECUTABLE: /usr/bin/python3
-- Found rclcpp: 2.4.0 (/opt/ros/foxy/share/rclcpp/cmake)
-- Using all available rosidl_typesupport_c: rosidl_typesupport_fastrtps_c;rosidl_typesupport_introspection_c
-- Found rosidl_adapter: 1.2.1 (/opt/ros/foxy/share/rosidl_adapter/cmake)
-- Using all available rosidl_typesupport_cpp: rosidl_typesupport_fastrtps_cpp;rosidl_typesupport_introspection_cpp
-- Found rmw_implementation_cmake: 1.0.3 (/opt/ros/foxy/share/rmw_implementation_cmake/cmake)
-- Using RMW implementation 'rmw_fastrtps_cpp' as default
-- Configuring done
-- Generating done
-- Build files have been written to: /home/otavio/excluir/scicobot_rasp/build/test_cooperation_scicobot
[35m[1mScanning dependencies of target cooperation_scicobot[0m
[ 50%] [32mBuilding CXX object CMakeFiles/cooperation_scicobot.dir/src/test_cooperation_scicobot.cpp.o[0m
[01m[K/home/otavio/excluir/scicobot_rasp/src/test_cooperation_scicobot/src/test_cooperation_scicobot.cpp:58:59:[m[K [01;31m[Kerror: [m[Kexpected â€˜[01m[K;[m[Kâ€™ at end of member declaration
   58 |   rclcpp::Subscription<std_msgs::msg::Float64>::SharedPtr [01;31m[Ksubscription_temperature[m[K
      |                                                           [01;31m[K^~~~~~~~~~~~~~~~~~~~~~~~[m[K
      |                                                                                   [32m[K;[m[K
make[2]: *** [CMakeFiles/cooperation_scicobot.dir/build.make:63: CMakeFiles/cooperation_scicobot.dir/src/test_cooperation_scicobot.cpp.o] Erro 1
make[1]: *** [CMakeFiles/Makefile2:78: CMakeFiles/cooperation_scicobot.dir/all] Erro 2
make: *** [Makefile:141: all] Erro 2
