[0.048s] Invoking command in '/home/otavio/excluir/scicobot_rasp/build/test_cooperation_scicobot': CMAKE_PREFIX_PATH=/opt/ros/foxy /usr/bin/cmake --build /home/otavio/excluir/scicobot_rasp/build/test_cooperation_scicobot -- -j4 -l4
[0.084s] -- Found ament_cmake: 0.9.9 (/opt/ros/foxy/share/ament_cmake/cmake)
[0.120s] -- Using PYTHON_EXECUTABLE: /usr/bin/python3
[0.390s] -- Found rclcpp: 2.4.0 (/opt/ros/foxy/share/rclcpp/cmake)
[0.423s] -- Using all available rosidl_typesupport_c: rosidl_typesupport_fastrtps_c;rosidl_typesupport_introspection_c
[0.427s] -- Found rosidl_adapter: 1.2.1 (/opt/ros/foxy/share/rosidl_adapter/cmake)
[0.542s] -- Using all available rosidl_typesupport_cpp: rosidl_typesupport_fastrtps_cpp;rosidl_typesupport_introspection_cpp
[0.596s] -- Found rmw_implementation_cmake: 1.0.3 (/opt/ros/foxy/share/rmw_implementation_cmake/cmake)
[0.598s] -- Using RMW implementation 'rmw_fastrtps_cpp' as default
[0.832s] -- Configuring done
[0.839s] -- Generating done
[0.840s] -- Build files have been written to: /home/otavio/excluir/scicobot_rasp/build/test_cooperation_scicobot
[0.868s] [35m[1mScanning dependencies of target cooperation_scicobot[0m
[0.893s] [ 50%] [32mBuilding CXX object CMakeFiles/cooperation_scicobot.dir/src/test_cooperation_scicobot.cpp.o[0m
[2.162s] [01m[K/home/otavio/excluir/scicobot_rasp/src/test_cooperation_scicobot/src/test_cooperation_scicobot.cpp:58:59:[m[K [01;31m[Kerror: [m[Kexpected â€˜[01m[K;[m[Kâ€™ at end of member declaration
[2.162s]    58 |   rclcpp::Subscription<std_msgs::msg::Float64>::SharedPtr [01;31m[Ksubscription_temperature[m[K
[2.162s]       |                                                           [01;31m[K^~~~~~~~~~~~~~~~~~~~~~~~[m[K
[2.162s]       |                                                                                   [32m[K;[m[K
[4.110s] make[2]: *** [CMakeFiles/cooperation_scicobot.dir/build.make:63: CMakeFiles/cooperation_scicobot.dir/src/test_cooperation_scicobot.cpp.o] Erro 1
[4.110s] make[1]: *** [CMakeFiles/Makefile2:78: CMakeFiles/cooperation_scicobot.dir/all] Erro 2
[4.110s] make: *** [Makefile:141: all] Erro 2
[4.112s] Invoked command in '/home/otavio/excluir/scicobot_rasp/build/test_cooperation_scicobot' returned '2': CMAKE_PREFIX_PATH=/opt/ros/foxy /usr/bin/cmake --build /home/otavio/excluir/scicobot_rasp/build/test_cooperation_scicobot -- -j4 -l4
