[0.042s] Invoking command in '/home/otavio/scicobot_rasp/build/test_cooperation_rasp': CMAKE_PREFIX_PATH=/opt/ros/foxy /usr/bin/cmake --build /home/otavio/scicobot_rasp/build/test_cooperation_rasp -- -j4 -l4
[0.096s] [35m[1mScanning dependencies of target cooperation_rasp[0m
[0.126s] [ 50%] [32mBuilding CXX object CMakeFiles/cooperation_rasp.dir/src/test_cooperation_rasp.cpp.o[0m
[1.272s] [01m[K/home/otavio/scicobot_rasp/src/test_cooperation_rasp/src/test_cooperation_rasp.cpp:[m[K In function â€˜[01m[Kfloat tempMeasure()[m[Kâ€™:
[1.272s] [01m[K/home/otavio/scicobot_rasp/src/test_cooperation_rasp/src/test_cooperation_rasp.cpp:25:9:[m[K [01;35m[Kwarning: [m[Kvariable â€˜[01m[Kn[m[Kâ€™ set but not used [[01;35m[K-Wunused-but-set-variable[m[K]
[1.272s]    25 |     int [01;35m[Kn[m[K;
[1.272s]       |         [01;35m[K^[m[K
[1.290s] [01m[K/home/otavio/scicobot_rasp/src/test_cooperation_rasp/src/test_cooperation_rasp.cpp:[m[K In constructor â€˜[01m[KMinimalNode::MinimalNode()[m[Kâ€™:
[1.290s] [01m[K/home/otavio/scicobot_rasp/src/test_cooperation_rasp/src/test_cooperation_rasp.cpp:47:49:[m[K [01;31m[Kerror: [m[Kunable to find numeric literal operator â€˜[01m[Koperator""ms[m[Kâ€™
[1.290s]    47 |     timer_temperature = this->create_wall_timer([01;31m[K2000ms[m[K, std::bind(&MinimalNode::timer_callback_temperature, this));
[1.290s]       |                                                 [01;31m[K^~~~~~[m[K
[2.637s] make[2]: *** [CMakeFiles/cooperation_rasp.dir/build.make:63: CMakeFiles/cooperation_rasp.dir/src/test_cooperation_rasp.cpp.o] Erro 1
[2.637s] make[1]: *** [CMakeFiles/Makefile2:78: CMakeFiles/cooperation_rasp.dir/all] Erro 2
[2.637s] make: *** [Makefile:141: all] Erro 2
[2.639s] Invoked command in '/home/otavio/scicobot_rasp/build/test_cooperation_rasp' returned '2': CMAKE_PREFIX_PATH=/opt/ros/foxy /usr/bin/cmake --build /home/otavio/scicobot_rasp/build/test_cooperation_rasp -- -j4 -l4
