[0.013s] Invoking command in '/home/otavio/dev_ws/src/scicobot_encoder/build/scicobot_encoder': CMAKE_PREFIX_PATH=/opt/ros/foxy /usr/bin/cmake --build /home/otavio/dev_ws/src/scicobot_encoder/build/scicobot_encoder -- -j4 -l4
[0.051s] [35m[1mScanning dependencies of target listener[0m
[0.073s] [ 50%] [32mBuilding CXX object CMakeFiles/listener.dir/src/scicobot_subscriber_encoder.cpp.o[0m
[1.200s] [01m[K/home/otavio/dev_ws/src/scicobot_encoder/src/scicobot_subscriber_encoder.cpp:37:36:[m[K [01;31m[Kerror: [m[Kâ€˜[01m[Kstd_msgs[m[Kâ€™ does not name a type
[1.200s]    37 |   void callback_encoder_left(const [01;31m[Kstd_msgs[m[K::msg::u_int8::SharedPtr msg_encoder_left) const
[1.200s]       |                                    [01;31m[K^~~~~~~~[m[K
[1.200s] [01m[K/home/otavio/dev_ws/src/scicobot_encoder/src/scicobot_subscriber_encoder.cpp:37:49:[m[K [01;31m[Kerror: [m[Kexpected unqualified-id before â€˜[01m[K::[m[Kâ€™ token
[1.200s]    37 |   void callback_encoder_left(const std_msgs::msg[01;31m[K::[m[Ku_int8::SharedPtr msg_encoder_left) const
[1.200s]       |                                                 [01;31m[K^~[m[K
[1.201s] [01m[K/home/otavio/dev_ws/src/scicobot_encoder/src/scicobot_subscriber_encoder.cpp:37:49:[m[K [01;31m[Kerror: [m[Kexpected â€˜[01m[K)[m[Kâ€™ before â€˜[01m[K::[m[Kâ€™ token
[1.201s]    37 |   void callback_encoder_left[34m[K([m[Kconst std_msgs::msg[01;31m[K:[m[K[32m[K:[m[Ku_int8::SharedPtr msg_encoder_left) const
[1.201s]       |                             [34m[K~[m[K                   [01;31m[K^[m[K[32m[K~[m[K
[1.201s]       |                                                 [32m[K)[m[K
[1.201s] [01m[K/home/otavio/dev_ws/src/scicobot_encoder/src/scicobot_subscriber_encoder.cpp:37:46:[m[K [01;31m[Kerror: [m[Kexpected â€˜[01m[K;[m[Kâ€™ at end of member declaration
[1.201s]    37 |   void callback_encoder_left(const std_msgs::[01;31m[Kmsg[m[K::u_int8::SharedPtr msg_encoder_left) const
[1.201s]       |                                              [01;31m[K^~~[m[K
[1.201s]       |                                                 [32m[K;[m[K
[1.201s] [01m[K/home/otavio/dev_ws/src/scicobot_encoder/src/scicobot_subscriber_encoder.cpp:37:51:[m[K [01;31m[Kerror: [m[Kâ€˜[01m[Ku_int8[m[Kâ€™ in namespace â€˜[01m[K::[m[Kâ€™ does not name a type; did you mean â€˜[01m[Ku_int[m[Kâ€™?
[1.201s]    37 |   void callback_encoder_left(const std_msgs::msg::[01;31m[Ku_int8[m[K::SharedPtr msg_encoder_left) const
[1.201s]       |                                                   [01;31m[K^~~~~~[m[K
[1.202s]       |                                                   [32m[Ku_int[m[K
[1.203s] [01m[K/home/otavio/dev_ws/src/scicobot_encoder/src/scicobot_subscriber_encoder.cpp:41:24:[m[K [01;31m[Kerror: [m[Kâ€˜[01m[Kstd_msgs[m[Kâ€™ was not declared in this scope
[1.203s]    41 |   rclcpp::Subscription<[01;31m[Kstd_msgs[m[K::msg::u_int8>::SharedPtr subscription_encoder_left;
[1.203s]       |                        [01;31m[K^~~~~~~~[m[K
[1.203s] [01m[K/home/otavio/dev_ws/src/scicobot_encoder/src/scicobot_subscriber_encoder.cpp:41:45:[m[K [01;31m[Kerror: [m[Ktemplate argument 1 is invalid
[1.203s]    41 |   rclcpp::Subscription<std_msgs::msg::u_int8[01;31m[K>[m[K::SharedPtr subscription_encoder_left;
[1.203s]       |                                             [01;31m[K^[m[K
[1.203s] [01m[K/home/otavio/dev_ws/src/scicobot_encoder/src/scicobot_subscriber_encoder.cpp:41:45:[m[K [01;31m[Kerror: [m[Ktemplate argument 3 is invalid
[1.203s] [01m[K/home/otavio/dev_ws/src/scicobot_encoder/src/scicobot_subscriber_encoder.cpp:41:48:[m[K [01;31m[Kerror: [m[Kexpected â€˜[01m[K;[m[Kâ€™ at end of member declaration
[1.203s]    41 |   rclcpp::Subscription<std_msgs::msg::u_int8>::[01;31m[KSharedPtr[m[K subscription_encoder_left;
[1.203s]       |                                                [01;31m[K^~~~~~~~~[m[K
[1.203s]       |                                                         [32m[K;[m[K
[1.209s] [01m[K/home/otavio/dev_ws/src/scicobot_encoder/src/scicobot_subscriber_encoder.cpp:41:58:[m[K [01;31m[Kerror: [m[Kâ€˜[01m[Ksubscription_encoder_left[m[Kâ€™ does not name a type
[1.209s]    41 |   rclcpp::Subscription<std_msgs::msg::u_int8>::SharedPtr [01;31m[Ksubscription_encoder_left[m[K;
[1.209s]       |                                                          [01;31m[K^~~~~~~~~~~~~~~~~~~~~~~~~[m[K
[1.216s] [01m[K/home/otavio/dev_ws/src/scicobot_encoder/src/scicobot_subscriber_encoder.cpp:[m[K In constructor â€˜[01m[KMinimalSubscriber::MinimalSubscriber()[m[Kâ€™:
[1.216s] [01m[K/home/otavio/dev_ws/src/scicobot_encoder/src/scicobot_subscriber_encoder.cpp:29:5:[m[K [01;31m[Kerror: [m[Kâ€˜[01m[Ksubscription_encoder_left[m[Kâ€™ was not declared in this scope
[1.216s]    29 |     [01;31m[Ksubscription_encoder_left[m[K = this->create_subscription<std_msgs::msg::u_int8>(
[1.216s]       |     [01;31m[K^~~~~~~~~~~~~~~~~~~~~~~~~[m[K
[1.218s] [01m[K/home/otavio/dev_ws/src/scicobot_encoder/src/scicobot_subscriber_encoder.cpp:29:59:[m[K [01;31m[Kerror: [m[Kâ€˜[01m[Kstd_msgs[m[Kâ€™ was not declared in this scope
[1.218s]    29 |     subscription_encoder_left = this->create_subscription<[01;31m[Kstd_msgs[m[K::msg::u_int8>(
[1.218s]       |                                                           [01;31m[K^~~~~~~~[m[K
[1.218s] [01m[K/home/otavio/dev_ws/src/scicobot_encoder/src/scicobot_subscriber_encoder.cpp:29:39:[m[K [01;31m[Kerror: [m[Kparse error in template argument list
[1.218s]    29 |     subscription_encoder_left = this->[01;31m[Kcreate_subscription<std_msgs::msg::u_int8>[m[K(
[1.218s]       |                                       [01;31m[K^~~~~~~~~~~~~~~~~~~~~~~~~~~~~~~~~~~~~~~~~~[m[K
[1.224s] [01m[K/home/otavio/dev_ws/src/scicobot_encoder/src/scicobot_subscriber_encoder.cpp:30:89:[m[K [01;31m[Kerror: [m[Kno matching function for call to â€˜[01m[KMinimalSubscriber::create_subscription<<expression error> >(const char [13], int, std::_Bind_helper<false, void (MinimalSubscriber::*)(...), MinimalSubscriber*, const std::_Placeholder<1>&>::type)[m[Kâ€™
[1.224s]    30 |       "encoder_left", 10, std::bind(&MinimalSubscriber::callback_encoder_left, this, _1)[01;31m[K)[m[K;
[1.224s]       |                                                                                         [01;31m[K^[m[K
[1.224s] In file included from [01m[K/opt/ros/foxy/include/rclcpp/executors/single_threaded_executor.hpp:28[m[K,
[1.224s]                  from [01m[K/opt/ros/foxy/include/rclcpp/executors.hpp:22[m[K,
[1.224s]                  from [01m[K/opt/ros/foxy/include/rclcpp/rclcpp.hpp:146[m[K,
[1.224s]                  from [01m[K/home/otavio/dev_ws/src/scicobot_encoder/src/scicobot_subscriber_encoder.cpp:16[m[K:
[1.225s] [01m[K/opt/ros/foxy/include/rclcpp/node.hpp:213:3:[m[K [01;36m[Knote: [m[Kcandidate: â€˜[01m[Ktemplate<class MessageT, class CallbackT, class AllocatorT, class CallbackMessageT, class SubscriptionT, class MessageMemoryStrategyT> std::shared_ptr<SubscriptionT> rclcpp::Node::create_subscription(const string&, const rclcpp::QoS&, CallbackT&&, const rclcpp::SubscriptionOptionsWithAllocator<AllocatorT>&, typename MessageMemoryStrategyT::SharedPtr)[m[Kâ€™
[1.225s]   213 |   [01;36m[Kcreate_subscription[m[K(
[1.225s]       |   [01;36m[K^~~~~~~~~~~~~~~~~~~[m[K
[1.225s] [01m[K/opt/ros/foxy/include/rclcpp/node.hpp:213:3:[m[K [01;36m[Knote: [m[K  template argument deduction/substitution failed:
[1.225s] [01m[K/home/otavio/dev_ws/src/scicobot_encoder/src/scicobot_subscriber_encoder.cpp:30:89:[m[K [01;31m[Kerror: [m[Ktemplate argument 1 is invalid
[1.225s]    30 |       "encoder_left", 10, std::bind(&MinimalSubscriber::callback_encoder_left, this, _1)[01;31m[K)[m[K;
[1.225s]       |                                                                                         [01;31m[K^[m[K
[1.574s] make[2]: *** [CMakeFiles/listener.dir/build.make:63: CMakeFiles/listener.dir/src/scicobot_subscriber_encoder.cpp.o] Erro 1
[1.574s] make[1]: *** [CMakeFiles/Makefile2:78: CMakeFiles/listener.dir/all] Erro 2
[1.574s] make: *** [Makefile:141: all] Erro 2
[1.576s] Invoked command in '/home/otavio/dev_ws/src/scicobot_encoder/build/scicobot_encoder' returned '2': CMAKE_PREFIX_PATH=/opt/ros/foxy /usr/bin/cmake --build /home/otavio/dev_ws/src/scicobot_encoder/build/scicobot_encoder -- -j4 -l4
