[0.023s] Invoking command in '/home/otavio/excluir/scicobot_rasp/build/test_cooperation_scicobot': CMAKE_PREFIX_PATH=/opt/ros/foxy /usr/bin/cmake /home/otavio/excluir/scicobot_rasp/src/test_cooperation_scicobot -DCMAKE_INSTALL_PREFIX=/home/otavio/excluir/scicobot_rasp/install/test_cooperation_scicobot
[0.144s] -- The C compiler identification is GNU 9.3.0
[0.232s] -- The CXX compiler identification is GNU 9.3.0
[0.239s] -- Check for working C compiler: /usr/bin/cc
[0.351s] -- Check for working C compiler: /usr/bin/cc -- works
[0.352s] -- Detecting C compiler ABI info
[0.449s] -- Detecting C compiler ABI info - done
[0.468s] -- Detecting C compile features
[0.468s] -- Detecting C compile features - done
[0.472s] -- Check for working CXX compiler: /usr/bin/c++
[0.586s] -- Check for working CXX compiler: /usr/bin/c++ -- works
[0.593s] -- Detecting CXX compiler ABI info
[0.715s] -- Detecting CXX compiler ABI info - done
[0.734s] -- Detecting CXX compile features
[0.735s] -- Detecting CXX compile features - done
[0.738s] -- Found ament_cmake: 0.9.9 (/opt/ros/foxy/share/ament_cmake/cmake)
[0.775s] -- Found PythonInterp: /usr/bin/python3 (found suitable version "3.8.10", minimum required is "3") 
[0.776s] -- Using PYTHON_EXECUTABLE: /usr/bin/python3
[1.091s] -- Found rclcpp: 2.4.0 (/opt/ros/foxy/share/rclcpp/cmake)
[1.171s] -- Using all available rosidl_typesupport_c: rosidl_typesupport_fastrtps_c;rosidl_typesupport_introspection_c
[1.193s] -- Found rosidl_adapter: 1.2.1 (/opt/ros/foxy/share/rosidl_adapter/cmake)
[1.336s] -- Found OpenSSL: /usr/lib/x86_64-linux-gnu/libcrypto.so (found version "1.1.1f")  
[1.382s] -- Found FastRTPS: /opt/ros/foxy/include  
[1.518s] -- Using all available rosidl_typesupport_cpp: rosidl_typesupport_fastrtps_cpp;rosidl_typesupport_introspection_cpp
[1.627s] -- Found rmw_implementation_cmake: 1.0.3 (/opt/ros/foxy/share/rmw_implementation_cmake/cmake)
[1.629s] -- Using RMW implementation 'rmw_fastrtps_cpp' as default
[1.631s] -- Looking for pthread.h
[1.738s] -- Looking for pthread.h - found
[1.738s] -- Performing Test CMAKE_HAVE_LIBC_PTHREAD
[1.837s] -- Performing Test CMAKE_HAVE_LIBC_PTHREAD - Failed
[1.838s] -- Looking for pthread_create in pthreads
[1.921s] -- Looking for pthread_create in pthreads - not found
[1.921s] -- Looking for pthread_create in pthread
[2.038s] -- Looking for pthread_create in pthread - found
[2.040s] -- Found Threads: TRUE  
[2.439s] -- Configuring done
[2.450s] -- Generating done
[2.453s] -- Build files have been written to: /home/otavio/excluir/scicobot_rasp/build/test_cooperation_scicobot
[2.465s] Invoked command in '/home/otavio/excluir/scicobot_rasp/build/test_cooperation_scicobot' returned '0': CMAKE_PREFIX_PATH=/opt/ros/foxy /usr/bin/cmake /home/otavio/excluir/scicobot_rasp/src/test_cooperation_scicobot -DCMAKE_INSTALL_PREFIX=/home/otavio/excluir/scicobot_rasp/install/test_cooperation_scicobot
[2.466s] Invoking command in '/home/otavio/excluir/scicobot_rasp/build/test_cooperation_scicobot': CMAKE_PREFIX_PATH=/opt/ros/foxy /usr/bin/cmake --build /home/otavio/excluir/scicobot_rasp/build/test_cooperation_scicobot -- -j4 -l4
[2.532s] [35m[1mScanning dependencies of target cooperation_scicobot[0m
[2.592s] [ 50%] [32mBuilding CXX object CMakeFiles/cooperation_scicobot.dir/src/simple_test_cooperation.cpp.o[0m
[4.537s] [01m[K/home/otavio/excluir/scicobot_rasp/src/test_cooperation_scicobot/src/simple_test_cooperation.cpp:50:59:[m[K [01;31m[Kerror: [m[Kexpected â€˜[01m[K;[m[Kâ€™ at end of member declaration
[4.538s]    50 |   rclcpp::Subscription<std_msgs::msg::Float64>::SharedPtr [01;31m[Ksubscription_temperature[m[K
[4.538s]       |                                                           [01;31m[K^~~~~~~~~~~~~~~~~~~~~~~~[m[K
[4.538s]       |                                                                                   [32m[K;[m[K
[4.560s] [01m[K/home/otavio/excluir/scicobot_rasp/src/test_cooperation_scicobot/src/simple_test_cooperation.cpp:[m[K In constructor â€˜[01m[KMinimalNode::MinimalNode()[m[Kâ€™:
[4.560s] [01m[K/home/otavio/excluir/scicobot_rasp/src/test_cooperation_scicobot/src/simple_test_cooperation.cpp:35:73:[m[K [01;31m[Kerror: [m[Kno match for â€˜[01m[Koperator=[m[Kâ€™ (operand types are â€˜[01m[Krclcpp::Subscription<std_msgs::msg::Float64_<std::allocator<void> > >::SharedPtr[m[Kâ€™ {aka â€˜[01m[Kstd::shared_ptr<rclcpp::Subscription<std_msgs::msg::Float64_<std::allocator<void> > > >[m[Kâ€™} and â€˜[01m[Kstd::shared_ptr<rclcpp::Subscription<std_msgs::msg::UInt8_<std::allocator<void> > > >[m[Kâ€™)
[4.561s]    35 |       "rasp_temp", 10, std::bind(&MinimalNode::topic_callback, this, _1)[01;31m[K)[m[K;
[4.561s]       |                                                                         [01;31m[K^[m[K
[4.561s] In file included from [01m[K/usr/include/c++/9/memory:81[m[K,
[4.561s]                  from [01m[K/home/otavio/excluir/scicobot_rasp/src/test_cooperation_scicobot/src/simple_test_cooperation.cpp:15[m[K:
[4.561s] [01m[K/usr/include/c++/9/bits/shared_ptr.h:309:19:[m[K [01;36m[Knote: [m[Kcandidate: â€˜[01m[Kstd::shared_ptr<_Tp>& std::shared_ptr<_Tp>::operator=(const std::shared_ptr<_Tp>&) [with _Tp = rclcpp::Subscription<std_msgs::msg::Float64_<std::allocator<void> > >][m[Kâ€™
[4.561s]   309 |       shared_ptr& [01;36m[Koperator[m[K=(const shared_ptr&) noexcept = default;
[4.561s]       |                   [01;36m[K^~~~~~~~[m[K
[4.562s] [01m[K/usr/include/c++/9/bits/shared_ptr.h:309:29:[m[K [01;36m[Knote: [m[K  no known conversion for argument 1 from â€˜[01m[Kstd::shared_ptr<rclcpp::Subscription<std_msgs::msg::UInt8_<std::allocator<void> > > >[m[Kâ€™ to â€˜[01m[Kconst std::shared_ptr<rclcpp::Subscription<std_msgs::msg::Float64_<std::allocator<void> > > >&[m[Kâ€™
[4.562s]   309 |       shared_ptr& operator=([01;36m[Kconst shared_ptr&[m[K) noexcept = default;
[4.562s]       |                             [01;36m[K^~~~~~~~~~~~~~~~~[m[K
[4.562s] [01m[K/usr/include/c++/9/bits/shared_ptr.h:313:2:[m[K [01;36m[Knote: [m[Kcandidate: â€˜[01m[Ktemplate<class _Yp> std::shared_ptr<_Tp>::_Assignable<const std::shared_ptr<_Yp>&> std::shared_ptr<_Tp>::operator=(const std::shared_ptr<_Yp>&) [with _Yp = _Yp; _Tp = rclcpp::Subscription<std_msgs::msg::Float64_<std::allocator<void> > >][m[Kâ€™
[4.562s]   313 |  [01;36m[Koperator[m[K=(const shared_ptr<_Yp>& __r) noexcept
[4.562s]       |  [01;36m[K^~~~~~~~[m[K
[4.562s] [01m[K/usr/include/c++/9/bits/shared_ptr.h:313:2:[m[K [01;36m[Knote: [m[K  template argument deduction/substitution failed:
[4.563s] /usr/include/c++/9/bits/shared_ptr.h: In substitution of â€˜[01m[Ktemplate<class _Tp> template<class _Arg> using _Assignable = typename std::enable_if<std::is_assignable<std::__shared_ptr<_Tp>&, _Arg>::value, std::shared_ptr<_Tp>&>::type [with _Arg = const std::shared_ptr<rclcpp::Subscription<std_msgs::msg::UInt8_<std::allocator<void> > > >&; _Tp = rclcpp::Subscription<std_msgs::msg::Float64_<std::allocator<void> > >][m[Kâ€™:
[4.563s] [01m[K/usr/include/c++/9/bits/shared_ptr.h:313:2:[m[K   required by substitution of â€˜[01m[Ktemplate<class _Yp> std::shared_ptr<rclcpp::Subscription<std_msgs::msg::Float64_<std::allocator<void> > > >::_Assignable<const std::shared_ptr<_Tp>&> std::shared_ptr<rclcpp::Subscription<std_msgs::msg::Float64_<std::allocator<void> > > >::operator=<_Yp>(const std::shared_ptr<_Tp>&) [with _Yp = rclcpp::Subscription<std_msgs::msg::UInt8_<std::allocator<void> > >][m[Kâ€™
[4.563s] [01m[K/home/otavio/excluir/scicobot_rasp/src/test_cooperation_scicobot/src/simple_test_cooperation.cpp:35:73:[m[K   required from here
[4.563s] [01m[K/usr/include/c++/9/bits/shared_ptr.h:111:8:[m[K [01;31m[Kerror: [m[Kno type named â€˜[01m[Ktype[m[Kâ€™ in â€˜[01m[Kstruct std::enable_if<false, std::shared_ptr<rclcpp::Subscription<std_msgs::msg::Float64_<std::allocator<void> > > >&>[m[Kâ€™
[4.563s]   111 |  using [01;31m[K_Assignable[m[K = typename enable_if<
[4.563s]       |        [01;31m[K^~~~~~~~~~~[m[K
[4.563s] [01m[K/usr/include/c++/9/bits/shared_ptr.h:324:2:[m[K [01;36m[Knote: [m[Kcandidate: â€˜[01m[Ktemplate<class _Yp> std::shared_ptr<_Tp>::_Assignable<std::auto_ptr<_Up> > std::shared_ptr<_Tp>::operator=(std::auto_ptr<_Up>&&) [with _Yp = _Yp; _Tp = rclcpp::Subscription<std_msgs::msg::Float64_<std::allocator<void> > >][m[Kâ€™
[4.564s]   324 |  [01;36m[Koperator[m[K=(auto_ptr<_Yp>&& __r)
[4.564s]       |  [01;36m[K^~~~~~~~[m[K
[4.564s] [01m[K/usr/include/c++/9/bits/shared_ptr.h:324:2:[m[K [01;36m[Knote: [m[K  template argument deduction/substitution failed:
[4.564s] [01m[K/home/otavio/excluir/scicobot_rasp/src/test_cooperation_scicobot/src/simple_test_cooperation.cpp:35:73:[m[K [01;36m[Knote: [m[K  â€˜[01m[Kstd::shared_ptr<rclcpp::Subscription<std_msgs::msg::UInt8_<std::allocator<void> > > >[m[Kâ€™ is not derived from â€˜[01m[Kstd::auto_ptr<_Up>[m[Kâ€™
[4.564s]    35 |       "rasp_temp", 10, std::bind(&MinimalNode::topic_callback, this, _1)[01;36m[K)[m[K;
[4.564s]       |                                                                         [01;36m[K^[m[K
[4.564s] In file included from [01m[K/usr/include/c++/9/memory:81[m[K,
[4.564s]                  from [01m[K/home/otavio/excluir/scicobot_rasp/src/test_cooperation_scicobot/src/simple_test_cooperation.cpp:15[m[K:
[4.564s] [01m[K/usr/include/c++/9/bits/shared_ptr.h:333:7:[m[K [01;36m[Knote: [m[Kcandidate: â€˜[01m[Kstd::shared_ptr<_Tp>& std::shared_ptr<_Tp>::operator=(std::shared_ptr<_Tp>&&) [with _Tp = rclcpp::Subscription<std_msgs::msg::Float64_<std::allocator<void> > >][m[Kâ€™
[4.565s]   333 |       [01;36m[Koperator[m[K=(shared_ptr&& __r) noexcept
[4.565s]       |       [01;36m[K^~~~~~~~[m[K
[4.565s] [01m[K/usr/include/c++/9/bits/shared_ptr.h:333:30:[m[K [01;36m[Knote: [m[K  no known conversion for argument 1 from â€˜[01m[Kstd::shared_ptr<rclcpp::Subscription<std_msgs::msg::UInt8_<std::allocator<void> > > >[m[Kâ€™ to â€˜[01m[Kstd::shared_ptr<rclcpp::Subscription<std_msgs::msg::Float64_<std::allocator<void> > > >&&[m[Kâ€™
[4.565s]   333 |       operator=([01;36m[Kshared_ptr&& __r[m[K) noexcept
[4.565s]       |                 [01;36m[K~~~~~~~~~~~~~^~~[m[K
[4.565s] [01m[K/usr/include/c++/9/bits/shared_ptr.h:341:2:[m[K [01;36m[Knote: [m[Kcandidate: â€˜[01m[Ktemplate<class _Yp> std::shared_ptr<_Tp>::_Assignable<std::shared_ptr<_Yp> > std::shared_ptr<_Tp>::operator=(std::shared_ptr<_Yp>&&) [with _Yp = _Yp; _Tp = rclcpp::Subscription<std_msgs::msg::Float64_<std::allocator<void> > >][m[Kâ€™
[4.565s]   341 |  [01;36m[Koperator[m[K=(shared_ptr<_Yp>&& __r) noexcept
[4.565s]       |  [01;36m[K^~~~~~~~[m[K
[4.565s] [01m[K/usr/include/c++/9/bits/shared_ptr.h:341:2:[m[K [01;36m[Knote: [m[K  template argument deduction/substitution failed:
[4.566s] /usr/include/c++/9/bits/shared_ptr.h: In substitution of â€˜[01m[Ktemplate<class _Tp> template<class _Arg> using _Assignable = typename std::enable_if<std::is_assignable<std::__shared_ptr<_Tp>&, _Arg>::value, std::shared_ptr<_Tp>&>::type [with _Arg = std::shared_ptr<rclcpp::Subscription<std_msgs::msg::UInt8_<std::allocator<void> > > >; _Tp = rclcpp::Subscription<std_msgs::msg::Float64_<std::allocator<void> > >][m[Kâ€™:
[4.566s] [01m[K/usr/include/c++/9/bits/shared_ptr.h:341:2:[m[K   required by substitution of â€˜[01m[Ktemplate<class _Yp> std::shared_ptr<rclcpp::Subscription<std_msgs::msg::Float64_<std::allocator<void> > > >::_Assignable<std::shared_ptr<_Tp> > std::shared_ptr<rclcpp::Subscription<std_msgs::msg::Float64_<std::allocator<void> > > >::operator=<_Yp>(std::shared_ptr<_Tp>&&) [with _Yp = rclcpp::Subscription<std_msgs::msg::UInt8_<std::allocator<void> > >][m[Kâ€™
[4.566s] [01m[K/home/otavio/excluir/scicobot_rasp/src/test_cooperation_scicobot/src/simple_test_cooperation.cpp:35:73:[m[K   required from here
[4.566s] [01m[K/usr/include/c++/9/bits/shared_ptr.h:111:8:[m[K [01;31m[Kerror: [m[Kno type named â€˜[01m[Ktype[m[Kâ€™ in â€˜[01m[Kstruct std::enable_if<false, std::shared_ptr<rclcpp::Subscription<std_msgs::msg::Float64_<std::allocator<void> > > >&>[m[Kâ€™
[4.566s]   111 |  using [01;31m[K_Assignable[m[K = typename enable_if<
[4.566s]       |        [01;31m[K^~~~~~~~~~~[m[K
[4.566s] [01m[K/usr/include/c++/9/bits/shared_ptr.h:349:2:[m[K [01;36m[Knote: [m[Kcandidate: â€˜[01m[Ktemplate<class _Yp, class _Del> std::shared_ptr<_Tp>::_Assignable<std::unique_ptr<_Up, _Ep> > std::shared_ptr<_Tp>::operator=(std::unique_ptr<_Up, _Ep>&&) [with _Yp = _Yp; _Del = _Del; _Tp = rclcpp::Subscription<std_msgs::msg::Float64_<std::allocator<void> > >][m[Kâ€™
[4.566s]   349 |  [01;36m[Koperator[m[K=(unique_ptr<_Yp, _Del>&& __r)
[4.566s]       |  [01;36m[K^~~~~~~~[m[K
[4.567s] [01m[K/usr/include/c++/9/bits/shared_ptr.h:349:2:[m[K [01;36m[Knote: [m[K  template argument deduction/substitution failed:
[4.567s] [01m[K/home/otavio/excluir/scicobot_rasp/src/test_cooperation_scicobot/src/simple_test_cooperation.cpp:35:73:[m[K [01;36m[Knote: [m[K  â€˜[01m[Kstd::shared_ptr<rclcpp::Subscription<std_msgs::msg::UInt8_<std::allocator<void> > > >[m[Kâ€™ is not derived from â€˜[01m[Kstd::unique_ptr<_Tp, _Dp>[m[Kâ€™
[4.567s]    35 |       "rasp_temp", 10, std::bind(&MinimalNode::topic_callback, this, _1)[01;36m[K)[m[K;
[4.567s]       |                                                                         [01;36m[K^[m[K
[6.197s] make[2]: *** [CMakeFiles/cooperation_scicobot.dir/build.make:63: CMakeFiles/cooperation_scicobot.dir/src/simple_test_cooperation.cpp.o] Erro 1
[6.197s] make[1]: *** [CMakeFiles/Makefile2:78: CMakeFiles/cooperation_scicobot.dir/all] Erro 2
[6.197s] make: *** [Makefile:141: all] Erro 2
[6.199s] Invoked command in '/home/otavio/excluir/scicobot_rasp/build/test_cooperation_scicobot' returned '2': CMAKE_PREFIX_PATH=/opt/ros/foxy /usr/bin/cmake --build /home/otavio/excluir/scicobot_rasp/build/test_cooperation_scicobot -- -j4 -l4
